<?xml version="1.0" encoding="UTF-8"?>
<!-- Generated by org.testng.reporters.JUnitReportReporter -->
<testsuite hostname="DM-DT16" failures="0" tests="1" name="seleniumFrameworkGroup.Tests.ErrorValidationTest" time="20.605" errors="0" timestamp="2023-03-01T17:02:12 IST" skipped="0">
  <testcase classname="seleniumFrameworkGroup.Tests.ErrorValidationTest" name="loginErrorTest" time="20.605"/>
  <system-out/>
</testsuite> <!-- seleniumFrameworkGroup.Tests.ErrorValidationTest -->
