<?xml version="1.0" encoding="UTF-8"?>
<!-- Generated by org.testng.reporters.JUnitReportReporter -->
<testsuite hostname="DM-DT16" failures="0" tests="3" name="seleniumFrameworkGroup.Tests.SubmitOrderTest" time="81.115" errors="0" timestamp="2023-01-13T12:30:48 IST" skipped="0">
  <testcase classname="seleniumFrameworkGroup.Tests.SubmitOrderTest" name="orderHistory" time="33.359"/>
  <system-out/>
  <testcase classname="seleniumFrameworkGroup.Tests.SubmitOrderTest" name="loginTest" time="17.647"/>
  <system-out/>
  <testcase classname="seleniumFrameworkGroup.Tests.SubmitOrderTest" name="loginTest" time="30.109"/>
  <system-out/>
</testsuite> <!-- seleniumFrameworkGroup.Tests.SubmitOrderTest -->
