<?xml version="1.0" encoding="UTF-8"?>
<!-- Generated by org.testng.reporters.JUnitReportReporter -->
<testsuite hostname="DM-DT16" failures="0" tests="1" name="seleniumFrameworkGroup.seleniumArtif.SubmitOrderTest" time="17.367" errors="0" timestamp="2023-01-06T15:51:58 IST" skipped="0">
  <testcase classname="seleniumFrameworkGroup.seleniumArtif.SubmitOrderTest" name="loginTest" time="17.367"/>
  <system-out/>
</testsuite> <!-- seleniumFrameworkGroup.seleniumArtif.SubmitOrderTest -->
