<?xml version="1.0" encoding="UTF-8"?>
<!-- Generated by org.testng.reporters.JUnitReportReporter -->
<testsuite hostname="DM-DT16" failures="0" tests="1" name="seleniumFrameworkGroup.Tests.ErrorValidationTest" time="7.482" errors="0" timestamp="2023-01-12T12:29:02 IST" skipped="0">
  <testcase classname="seleniumFrameworkGroup.Tests.ErrorValidationTest" name="loginErrorTest" time="7.482"/>
  <system-out/>
</testsuite> <!-- seleniumFrameworkGroup.Tests.ErrorValidationTest -->
